SF:lib\models\user_models.dart
DA:7,0
DA:8,0
DA:10,0
DA:11,0
DA:23,1
DA:34,2
DA:35,1
DA:36,1
DA:37,1
DA:38,1
DA:39,2
DA:40,1
DA:41,1
DA:42,2
DA:45,0
DA:46,0
DA:47,0
DA:48,0
DA:49,0
DA:50,0
DA:51,0
DA:52,0
DA:53,0
DA:64,1
DA:72,2
DA:73,1
DA:74,1
DA:75,1
DA:76,1
DA:77,2
DA:80,0
DA:81,0
DA:82,0
DA:83,0
DA:84,0
DA:85,0
DA:93,1
DA:98,2
DA:99,1
DA:100,1
DA:103,0
DA:104,0
DA:105,0
DA:114,1
DA:120,2
DA:121,1
DA:122,1
DA:123,1
DA:126,0
DA:127,0
DA:128,0
DA:129,0
LF:52
LH:26
end_of_record
SF:lib\api\user_api.dart
DA:8,1
DA:10,1
DA:11,1
DA:12,2
DA:13,2
DA:14,2
DA:15,4
DA:17,1
LF:8
LH:8
end_of_record
SF:lib\main.dart
DA:4,0
DA:5,0
DA:9,2
DA:11,1
DA:13,1
DA:15,1
LF:6
LH:4
end_of_record
SF:lib\models\user_list_ui.dart
DA:7,1
DA:9,1
DA:11,1
DA:17,1
DA:19,1
DA:20,2
DA:23,1
DA:24,2
DA:27,2
DA:28,0
DA:30,1
DA:34,1
DA:36,1
DA:37,1
DA:40,1
DA:41,1
DA:42,1
DA:43,1
DA:44,0
DA:45,0
DA:46,0
DA:47,0
DA:48,0
DA:49,0
DA:50,0
DA:51,0
DA:53,0
DA:54,0
DA:61,1
DA:62,0
DA:63,0
LF:31
LH:18
end_of_record
SF:lib\models\to_do_list.dart
DA:6,1
DA:7,0
DA:9,0
DA:16,0
DA:18,0
DA:20,0
DA:21,0
DA:24,0
DA:28,0
DA:31,0
DA:32,0
DA:33,0
DA:34,0
DA:35,0
DA:36,0
DA:37,0
DA:38,0
DA:39,0
DA:40,0
DA:41,0
DA:44,0
DA:45,0
DA:46,0
DA:50,0
DA:51,0
DA:52,0
DA:56,0
DA:57,0
DA:58,0
DA:63,0
DA:65,0
DA:66,0
DA:67,0
DA:71,0
DA:72,0
DA:73,0
DA:74,0
DA:77,0
DA:78,0
DA:81,0
DA:82,0
DA:83,0
DA:84,0
DA:85,0
DA:86,0
DA:87,0
DA:90,0
DA:102,0
DA:103,0
DA:104,0
DA:105,0
DA:106,0
DA:107,0
LF:53
LH:1
end_of_record
SF:lib\models\user_details.dart
DA:8,0
DA:10,0
DA:12,0
DA:13,0
DA:17,0
DA:19,0
DA:21,0
DA:22,0
DA:23,0
DA:24,0
DA:25,0
DA:26,0
DA:28,0
DA:30,0
DA:31,0
DA:32,0
DA:33,0
DA:34,0
DA:36,0
DA:37,0
DA:50,0
DA:51,0
DA:53,0
DA:54,0
DA:55,0
DA:58,0
DA:66,0
DA:67,0
DA:69,0
DA:74,0
DA:75,0
DA:78,0
DA:79,0
DA:82,0
DA:83,0
DA:86,0
DA:87,0
DA:94,0
DA:95,0
DA:97,0
DA:102,0
DA:103,0
DA:106,0
DA:107,0
DA:110,0
DA:111,0
LF:46
LH:0
end_of_record
